[0.008s] Invoking command in '/home/wpai/PoRA1/autonomy_ws/build/autonomy_repo': CMAKE_PREFIX_PATH=${CMAKE_PREFIX_PATH}:/opt/ros/humble /usr/bin/cmake --build /home/wpai/PoRA1/autonomy_ws/build/autonomy_repo -- -j4 -l4
[0.025s] -- Found ament_cmake: 1.3.10 (/opt/ros/humble/share/ament_cmake/cmake)
[0.090s] -- Override CMake install command with custom implementation using symlinks instead of copying resources
[0.096s] -- Found ament_lint_auto: 0.12.11 (/opt/ros/humble/share/ament_lint_auto/cmake)
[0.131s] -- Added test 'flake8' to check Python code syntax and style conventions
[0.131s] -- Added test 'lint_cmake' to check CMake code style
[0.132s] -- Added test 'pep257' to check Python code against some of the docstring style conventions in PEP 257
[0.132s] -- Added test 'xmllint' to check XML markup files
[0.133s] -- Configuring done
[0.136s] -- Generating done
[0.137s] -- Build files have been written to: /home/wpai/PoRA1/autonomy_ws/build/autonomy_repo
[0.147s] Invoked command in '/home/wpai/PoRA1/autonomy_ws/build/autonomy_repo' returned '0': CMAKE_PREFIX_PATH=${CMAKE_PREFIX_PATH}:/opt/ros/humble /usr/bin/cmake --build /home/wpai/PoRA1/autonomy_ws/build/autonomy_repo -- -j4 -l4
[0.163s] Invoking command in '/home/wpai/PoRA1/autonomy_ws/build/autonomy_repo': CMAKE_PREFIX_PATH=${CMAKE_PREFIX_PATH}:/opt/ros/humble /usr/bin/cmake --install /home/wpai/PoRA1/autonomy_ws/build/autonomy_repo
[0.165s] -- Install configuration: ""
[0.166s] -- Execute custom install script
[0.166s] -- Up-to-date symlink: /home/wpai/PoRA1/autonomy_ws/install/autonomy_repo/lib/autonomy_repo/heading_controller.py
[0.166s] -- Up-to-date symlink: /home/wpai/PoRA1/autonomy_ws/install/autonomy_repo/lib/autonomy_repo/p3_plot.py
[0.166s] -- Symlinking: /home/wpai/PoRA1/autonomy_ws/install/autonomy_repo/lib/autonomy_repo/navigator.py
[0.169s] -- Up-to-date symlink: /home/wpai/PoRA1/autonomy_ws/install/autonomy_repo/share/autonomy_repo/launch/heading_control.launch.py
[0.170s] -- Up-to-date symlink: /home/wpai/PoRA1/autonomy_ws/install/autonomy_repo/share/autonomy_repo/rviz/default.rviz
[0.170s] -- Up-to-date symlink: /home/wpai/PoRA1/autonomy_ws/install/autonomy_repo/share/ament_index/resource_index/package_run_dependencies/autonomy_repo
[0.170s] -- Up-to-date symlink: /home/wpai/PoRA1/autonomy_ws/install/autonomy_repo/share/ament_index/resource_index/parent_prefix_path/autonomy_repo
[0.170s] -- Up-to-date symlink: /home/wpai/PoRA1/autonomy_ws/install/autonomy_repo/share/autonomy_repo/environment/ament_prefix_path.sh
[0.170s] -- Up-to-date symlink: /home/wpai/PoRA1/autonomy_ws/install/autonomy_repo/share/autonomy_repo/environment/ament_prefix_path.dsv
[0.170s] -- Up-to-date symlink: /home/wpai/PoRA1/autonomy_ws/install/autonomy_repo/share/autonomy_repo/environment/path.sh
[0.170s] -- Up-to-date symlink: /home/wpai/PoRA1/autonomy_ws/install/autonomy_repo/share/autonomy_repo/environment/path.dsv
[0.170s] -- Up-to-date symlink: /home/wpai/PoRA1/autonomy_ws/install/autonomy_repo/share/autonomy_repo/local_setup.bash
[0.170s] -- Up-to-date symlink: /home/wpai/PoRA1/autonomy_ws/install/autonomy_repo/share/autonomy_repo/local_setup.sh
[0.170s] -- Up-to-date symlink: /home/wpai/PoRA1/autonomy_ws/install/autonomy_repo/share/autonomy_repo/local_setup.zsh
[0.170s] -- Up-to-date symlink: /home/wpai/PoRA1/autonomy_ws/install/autonomy_repo/share/autonomy_repo/local_setup.dsv
[0.170s] -- Symlinking: /home/wpai/PoRA1/autonomy_ws/install/autonomy_repo/share/autonomy_repo/package.dsv
[0.174s] -- Up-to-date symlink: /home/wpai/PoRA1/autonomy_ws/install/autonomy_repo/share/ament_index/resource_index/packages/autonomy_repo
[0.174s] -- Up-to-date symlink: /home/wpai/PoRA1/autonomy_ws/install/autonomy_repo/share/autonomy_repo/cmake/autonomy_repoConfig.cmake
[0.174s] -- Up-to-date symlink: /home/wpai/PoRA1/autonomy_ws/install/autonomy_repo/share/autonomy_repo/cmake/autonomy_repoConfig-version.cmake
[0.174s] -- Up-to-date symlink: /home/wpai/PoRA1/autonomy_ws/install/autonomy_repo/share/autonomy_repo/package.xml
[0.176s] Invoked command in '/home/wpai/PoRA1/autonomy_ws/build/autonomy_repo' returned '0': CMAKE_PREFIX_PATH=${CMAKE_PREFIX_PATH}:/opt/ros/humble /usr/bin/cmake --install /home/wpai/PoRA1/autonomy_ws/build/autonomy_repo
