[0.008s] Invoking command in '/home/wpai/PoRA1/autonomy_ws/build/autonomy_repo': CMAKE_PREFIX_PATH=${CMAKE_PREFIX_PATH}:/opt/ros/humble /usr/bin/cmake --build /home/wpai/PoRA1/autonomy_ws/build/autonomy_repo -- -j4 -l4
[0.024s] -- Found ament_cmake: 1.3.10 (/opt/ros/humble/share/ament_cmake/cmake)
[0.095s] -- Override CMake install command with custom implementation using symlinks instead of copying resources
[0.109s] -- Found ament_lint_auto: 0.12.11 (/opt/ros/humble/share/ament_lint_auto/cmake)
[0.151s] -- Added test 'flake8' to check Python code syntax and style conventions
[0.152s] -- Added test 'lint_cmake' to check CMake code style
[0.152s] -- Added test 'pep257' to check Python code against some of the docstring style conventions in PEP 257
[0.153s] -- Added test 'xmllint' to check XML markup files
[0.154s] -- Configuring done
[0.158s] -- Generating done
[0.159s] -- Build files have been written to: /home/wpai/PoRA1/autonomy_ws/build/autonomy_repo
[0.168s] Invoked command in '/home/wpai/PoRA1/autonomy_ws/build/autonomy_repo' returned '0': CMAKE_PREFIX_PATH=${CMAKE_PREFIX_PATH}:/opt/ros/humble /usr/bin/cmake --build /home/wpai/PoRA1/autonomy_ws/build/autonomy_repo -- -j4 -l4
[0.182s] Invoking command in '/home/wpai/PoRA1/autonomy_ws/build/autonomy_repo': CMAKE_PREFIX_PATH=${CMAKE_PREFIX_PATH}:/opt/ros/humble /usr/bin/cmake --install /home/wpai/PoRA1/autonomy_ws/build/autonomy_repo
[0.185s] -- Install configuration: ""
[0.185s] -- Execute custom install script
[0.185s] -- Up-to-date symlink: /home/wpai/PoRA1/autonomy_ws/install/autonomy_repo/lib/autonomy_repo/heading_controller.py
[0.185s] -- Up-to-date symlink: /home/wpai/PoRA1/autonomy_ws/install/autonomy_repo/lib/autonomy_repo/p3_plot.py
[0.186s] -- Up-to-date symlink: /home/wpai/PoRA1/autonomy_ws/install/autonomy_repo/lib/autonomy_repo/navigator.py
[0.186s] -- Symlinking: /home/wpai/PoRA1/autonomy_ws/install/autonomy_repo/lib/autonomy_repo/frontier_explorer.py
[0.189s] -- Up-to-date symlink: /home/wpai/PoRA1/autonomy_ws/install/autonomy_repo/share/autonomy_repo/launch/frontier_explorer.launch.py
[0.189s] -- Up-to-date symlink: /home/wpai/PoRA1/autonomy_ws/install/autonomy_repo/share/autonomy_repo/launch/heading_control.launch.py
[0.189s] -- Up-to-date symlink: /home/wpai/PoRA1/autonomy_ws/install/autonomy_repo/share/autonomy_repo/launch/navigator.launch.py
[0.189s] -- Up-to-date symlink: /home/wpai/PoRA1/autonomy_ws/install/autonomy_repo/share/autonomy_repo/rviz/default.rviz
[0.189s] -- Up-to-date symlink: /home/wpai/PoRA1/autonomy_ws/install/autonomy_repo/share/ament_index/resource_index/package_run_dependencies/autonomy_repo
[0.189s] -- Up-to-date symlink: /home/wpai/PoRA1/autonomy_ws/install/autonomy_repo/share/ament_index/resource_index/parent_prefix_path/autonomy_repo
[0.190s] -- Up-to-date symlink: /home/wpai/PoRA1/autonomy_ws/install/autonomy_repo/share/autonomy_repo/environment/ament_prefix_path.sh
[0.190s] -- Up-to-date symlink: /home/wpai/PoRA1/autonomy_ws/install/autonomy_repo/share/autonomy_repo/environment/ament_prefix_path.dsv
[0.190s] -- Up-to-date symlink: /home/wpai/PoRA1/autonomy_ws/install/autonomy_repo/share/autonomy_repo/environment/path.sh
[0.190s] -- Up-to-date symlink: /home/wpai/PoRA1/autonomy_ws/install/autonomy_repo/share/autonomy_repo/environment/path.dsv
[0.190s] -- Up-to-date symlink: /home/wpai/PoRA1/autonomy_ws/install/autonomy_repo/share/autonomy_repo/local_setup.bash
[0.190s] -- Up-to-date symlink: /home/wpai/PoRA1/autonomy_ws/install/autonomy_repo/share/autonomy_repo/local_setup.sh
[0.190s] -- Up-to-date symlink: /home/wpai/PoRA1/autonomy_ws/install/autonomy_repo/share/autonomy_repo/local_setup.zsh
[0.190s] -- Up-to-date symlink: /home/wpai/PoRA1/autonomy_ws/install/autonomy_repo/share/autonomy_repo/local_setup.dsv
[0.190s] -- Symlinking: /home/wpai/PoRA1/autonomy_ws/install/autonomy_repo/share/autonomy_repo/package.dsv
[0.193s] -- Up-to-date symlink: /home/wpai/PoRA1/autonomy_ws/install/autonomy_repo/share/ament_index/resource_index/packages/autonomy_repo
[0.193s] -- Up-to-date symlink: /home/wpai/PoRA1/autonomy_ws/install/autonomy_repo/share/autonomy_repo/cmake/autonomy_repoConfig.cmake
[0.193s] -- Up-to-date symlink: /home/wpai/PoRA1/autonomy_ws/install/autonomy_repo/share/autonomy_repo/cmake/autonomy_repoConfig-version.cmake
[0.193s] -- Up-to-date symlink: /home/wpai/PoRA1/autonomy_ws/install/autonomy_repo/share/autonomy_repo/package.xml
[0.195s] Invoked command in '/home/wpai/PoRA1/autonomy_ws/build/autonomy_repo' returned '0': CMAKE_PREFIX_PATH=${CMAKE_PREFIX_PATH}:/opt/ros/humble /usr/bin/cmake --install /home/wpai/PoRA1/autonomy_ws/build/autonomy_repo
