[0.006s] Invoking command in '/home/wpai/PoRA1/autonomy_ws/build/autonomy_repo': CMAKE_PREFIX_PATH=${CMAKE_PREFIX_PATH}:/opt/ros/humble /usr/bin/cmake /home/wpai/PoRA1/autonomy_ws/src/autonomy_repo -DAMENT_CMAKE_SYMLINK_INSTALL=1 -DCMAKE_INSTALL_PREFIX=/home/wpai/PoRA1/autonomy_ws/install/autonomy_repo
[0.117s] -- The C compiler identification is GNU 11.4.0
[0.225s] -- The CXX compiler identification is GNU 11.4.0
[0.236s] -- Detecting C compiler ABI info
[0.277s] -- Detecting C compiler ABI info - done
[0.281s] -- Check for working C compiler: /usr/bin/cc - skipped
[0.281s] -- Detecting C compile features
[0.282s] -- Detecting C compile features - done
[0.284s] -- Detecting CXX compiler ABI info
[0.328s] -- Detecting CXX compiler ABI info - done
[0.331s] -- Check for working CXX compiler: /usr/bin/c++ - skipped
[0.332s] -- Detecting CXX compile features
[0.332s] -- Detecting CXX compile features - done
[0.339s] -- Found ament_cmake: 1.3.10 (/opt/ros/humble/share/ament_cmake/cmake)
[0.423s] -- Found Python3: /usr/bin/python3 (found version "3.10.12") found components: Interpreter 
[0.459s] -- Override CMake install command with custom implementation using symlinks instead of copying resources
[0.492s] -- Found ament_lint_auto: 0.12.11 (/opt/ros/humble/share/ament_lint_auto/cmake)
[0.543s] -- Added test 'flake8' to check Python code syntax and style conventions
[0.543s] -- Added test 'lint_cmake' to check CMake code style
[0.544s] -- Added test 'pep257' to check Python code against some of the docstring style conventions in PEP 257
[0.544s] -- Added test 'xmllint' to check XML markup files
[0.546s] -- Configuring done
[0.547s] -- Generating done
[0.548s] -- Build files have been written to: /home/wpai/PoRA1/autonomy_ws/build/autonomy_repo
[0.550s] Invoked command in '/home/wpai/PoRA1/autonomy_ws/build/autonomy_repo' returned '0': CMAKE_PREFIX_PATH=${CMAKE_PREFIX_PATH}:/opt/ros/humble /usr/bin/cmake /home/wpai/PoRA1/autonomy_ws/src/autonomy_repo -DAMENT_CMAKE_SYMLINK_INSTALL=1 -DCMAKE_INSTALL_PREFIX=/home/wpai/PoRA1/autonomy_ws/install/autonomy_repo
[0.552s] Invoking command in '/home/wpai/PoRA1/autonomy_ws/build/autonomy_repo': CMAKE_PREFIX_PATH=${CMAKE_PREFIX_PATH}:/opt/ros/humble /usr/bin/cmake --build /home/wpai/PoRA1/autonomy_ws/build/autonomy_repo -- -j4 -l4
[0.567s] Invoked command in '/home/wpai/PoRA1/autonomy_ws/build/autonomy_repo' returned '0': CMAKE_PREFIX_PATH=${CMAKE_PREFIX_PATH}:/opt/ros/humble /usr/bin/cmake --build /home/wpai/PoRA1/autonomy_ws/build/autonomy_repo -- -j4 -l4
[0.580s] Invoking command in '/home/wpai/PoRA1/autonomy_ws/build/autonomy_repo': CMAKE_PREFIX_PATH=${CMAKE_PREFIX_PATH}:/opt/ros/humble /usr/bin/cmake --install /home/wpai/PoRA1/autonomy_ws/build/autonomy_repo
[0.583s] -- Install configuration: ""
[0.583s] -- Execute custom install script
[0.584s] -- Symlinking: /home/wpai/PoRA1/autonomy_ws/install/autonomy_repo/lib/autonomy_repo/heading_controller.py
[0.587s] -- Symlinking: /home/wpai/PoRA1/autonomy_ws/install/autonomy_repo/lib/autonomy_repo/p3_plot.py
[0.590s] -- Symlinking: /home/wpai/PoRA1/autonomy_ws/install/autonomy_repo/share/autonomy_repo/launch/heading_control.launch.py
[0.594s] -- Symlinking: /home/wpai/PoRA1/autonomy_ws/install/autonomy_repo/share/autonomy_repo/rviz/default.rviz
[0.597s] -- Symlinking: /home/wpai/PoRA1/autonomy_ws/install/autonomy_repo/share/ament_index/resource_index/package_run_dependencies/autonomy_repo
[0.600s] -- Symlinking: /home/wpai/PoRA1/autonomy_ws/install/autonomy_repo/share/ament_index/resource_index/parent_prefix_path/autonomy_repo
[0.603s] -- Symlinking: /home/wpai/PoRA1/autonomy_ws/install/autonomy_repo/share/autonomy_repo/environment/ament_prefix_path.sh
[0.607s] -- Symlinking: /home/wpai/PoRA1/autonomy_ws/install/autonomy_repo/share/autonomy_repo/environment/ament_prefix_path.dsv
[0.611s] -- Symlinking: /home/wpai/PoRA1/autonomy_ws/install/autonomy_repo/share/autonomy_repo/environment/path.sh
[0.614s] -- Symlinking: /home/wpai/PoRA1/autonomy_ws/install/autonomy_repo/share/autonomy_repo/environment/path.dsv
[0.618s] -- Symlinking: /home/wpai/PoRA1/autonomy_ws/install/autonomy_repo/share/autonomy_repo/local_setup.bash
[0.621s] -- Symlinking: /home/wpai/PoRA1/autonomy_ws/install/autonomy_repo/share/autonomy_repo/local_setup.sh
[0.624s] -- Symlinking: /home/wpai/PoRA1/autonomy_ws/install/autonomy_repo/share/autonomy_repo/local_setup.zsh
[0.627s] -- Symlinking: /home/wpai/PoRA1/autonomy_ws/install/autonomy_repo/share/autonomy_repo/local_setup.dsv
[0.631s] -- Symlinking: /home/wpai/PoRA1/autonomy_ws/install/autonomy_repo/share/autonomy_repo/package.dsv
[0.634s] -- Symlinking: /home/wpai/PoRA1/autonomy_ws/install/autonomy_repo/share/ament_index/resource_index/packages/autonomy_repo
[0.638s] -- Symlinking: /home/wpai/PoRA1/autonomy_ws/install/autonomy_repo/share/autonomy_repo/cmake/autonomy_repoConfig.cmake
[0.641s] -- Symlinking: /home/wpai/PoRA1/autonomy_ws/install/autonomy_repo/share/autonomy_repo/cmake/autonomy_repoConfig-version.cmake
[0.645s] -- Symlinking: /home/wpai/PoRA1/autonomy_ws/install/autonomy_repo/share/autonomy_repo/package.xml
[0.649s] Invoked command in '/home/wpai/PoRA1/autonomy_ws/build/autonomy_repo' returned '0': CMAKE_PREFIX_PATH=${CMAKE_PREFIX_PATH}:/opt/ros/humble /usr/bin/cmake --install /home/wpai/PoRA1/autonomy_ws/build/autonomy_repo
