[0.008s] Invoking command in '/home/wpai/PoRA1/autonomy_ws/build/autonomy_repo': CMAKE_PREFIX_PATH=${CMAKE_PREFIX_PATH}:/opt/ros/humble /usr/bin/cmake --build /home/wpai/PoRA1/autonomy_ws/build/autonomy_repo -- -j4 -l4
[0.054s] Invoked command in '/home/wpai/PoRA1/autonomy_ws/build/autonomy_repo' returned '0': CMAKE_PREFIX_PATH=${CMAKE_PREFIX_PATH}:/opt/ros/humble /usr/bin/cmake --build /home/wpai/PoRA1/autonomy_ws/build/autonomy_repo -- -j4 -l4
[0.069s] Invoking command in '/home/wpai/PoRA1/autonomy_ws/build/autonomy_repo': CMAKE_PREFIX_PATH=${CMAKE_PREFIX_PATH}:/opt/ros/humble /usr/bin/cmake --install /home/wpai/PoRA1/autonomy_ws/build/autonomy_repo
[0.074s] -- Install configuration: ""
[0.076s] -- Execute custom install script
[0.076s] -- Up-to-date symlink: /home/wpai/PoRA1/autonomy_ws/install/autonomy_repo/lib/autonomy_repo/heading_controller.py
[0.077s] -- Up-to-date symlink: /home/wpai/PoRA1/autonomy_ws/install/autonomy_repo/lib/autonomy_repo/p3_plot.py
[0.077s] -- Up-to-date symlink: /home/wpai/PoRA1/autonomy_ws/install/autonomy_repo/lib/autonomy_repo/navigator.py
[0.079s] -- Up-to-date symlink: /home/wpai/PoRA1/autonomy_ws/install/autonomy_repo/share/autonomy_repo/launch/heading_control.launch.py
[0.079s] -- Up-to-date symlink: /home/wpai/PoRA1/autonomy_ws/install/autonomy_repo/share/autonomy_repo/rviz/default.rviz
[0.079s] -- Up-to-date symlink: /home/wpai/PoRA1/autonomy_ws/install/autonomy_repo/share/ament_index/resource_index/package_run_dependencies/autonomy_repo
[0.080s] -- Up-to-date symlink: /home/wpai/PoRA1/autonomy_ws/install/autonomy_repo/share/ament_index/resource_index/parent_prefix_path/autonomy_repo
[0.080s] -- Up-to-date symlink: /home/wpai/PoRA1/autonomy_ws/install/autonomy_repo/share/autonomy_repo/environment/ament_prefix_path.sh
[0.080s] -- Up-to-date symlink: /home/wpai/PoRA1/autonomy_ws/install/autonomy_repo/share/autonomy_repo/environment/ament_prefix_path.dsv
[0.080s] -- Up-to-date symlink: /home/wpai/PoRA1/autonomy_ws/install/autonomy_repo/share/autonomy_repo/environment/path.sh
[0.080s] -- Up-to-date symlink: /home/wpai/PoRA1/autonomy_ws/install/autonomy_repo/share/autonomy_repo/environment/path.dsv
[0.080s] -- Up-to-date symlink: /home/wpai/PoRA1/autonomy_ws/install/autonomy_repo/share/autonomy_repo/local_setup.bash
[0.080s] -- Up-to-date symlink: /home/wpai/PoRA1/autonomy_ws/install/autonomy_repo/share/autonomy_repo/local_setup.sh
[0.080s] -- Up-to-date symlink: /home/wpai/PoRA1/autonomy_ws/install/autonomy_repo/share/autonomy_repo/local_setup.zsh
[0.080s] -- Up-to-date symlink: /home/wpai/PoRA1/autonomy_ws/install/autonomy_repo/share/autonomy_repo/local_setup.dsv
[0.080s] -- Symlinking: /home/wpai/PoRA1/autonomy_ws/install/autonomy_repo/share/autonomy_repo/package.dsv
[0.085s] -- Up-to-date symlink: /home/wpai/PoRA1/autonomy_ws/install/autonomy_repo/share/ament_index/resource_index/packages/autonomy_repo
[0.085s] -- Up-to-date symlink: /home/wpai/PoRA1/autonomy_ws/install/autonomy_repo/share/autonomy_repo/cmake/autonomy_repoConfig.cmake
[0.085s] -- Up-to-date symlink: /home/wpai/PoRA1/autonomy_ws/install/autonomy_repo/share/autonomy_repo/cmake/autonomy_repoConfig-version.cmake
[0.085s] -- Up-to-date symlink: /home/wpai/PoRA1/autonomy_ws/install/autonomy_repo/share/autonomy_repo/package.xml
[0.086s] Invoked command in '/home/wpai/PoRA1/autonomy_ws/build/autonomy_repo' returned '0': CMAKE_PREFIX_PATH=${CMAKE_PREFIX_PATH}:/opt/ros/humble /usr/bin/cmake --install /home/wpai/PoRA1/autonomy_ws/build/autonomy_repo
